# JRE version: Java(TM) SE Runtime Environment (8.0_131-b11) (build 1.8.0_131-b11)
# Java VM: Java HotSpot(TM) 64-Bit Server VM (25.131-b11 mixed mode windows-amd64 compressed oops)
Heap:
 PSYoungGen      total 146432K, used 85423K [0x00000000f5580000, 0x00000000ffe80000, 0x0000000100000000)
  eden space 122368K, 59% used [0x00000000f5580000,0x00000000f9cbcb68,0x00000000fcd00000)
  from space 24064K, 51% used [0x00000000fcd00000,0x00000000fd92f310,0x00000000fe480000)
  to   space 23040K, 0% used [0x00000000fe800000,0x00000000fe800000,0x00000000ffe80000)
 ParOldGen       total 332288K, used 177622K [0x00000000e0000000, 0x00000000f4480000, 0x00000000f5580000)
  object space 332288K, 53% used [0x00000000e0000000,0x00000000ead75968,0x00000000f4480000)
 Metaspace       used 105304K, capacity 118012K, committed 118272K, reserved 1153024K
  class space    used 11714K, capacity 14831K, committed 14848K, reserved 1048576K
GC Heap History (10 events):
Event: 14.582 GC heap before
{Heap before GC invocations=41 (full 4):
 PSYoungGen      total 146432K, used 125521K [0x00000000f5580000, 0x0000000100000000, 0x0000000100000000)
  eden space 118784K, 100% used [0x00000000f5580000,0x00000000fc980000,0x00000000fc980000)
  from space 27648K, 24% used [0x00000000fe480000,0x00000000feb144b8,0x00000000fff80000)
  to   space 27648K, 0% used [0x00000000fc980000,0x00000000fc980000,0x00000000fe480000)
 ParOldGen       total 332288K, used 172852K [0x00000000e0000000, 0x00000000f4480000, 0x00000000f5580000)
  object space 332288K, 52% used [0x00000000e0000000,0x00000000ea8cd158,0x00000000f4480000)
 Metaspace       used 96983K, capacity 109067K, committed 109312K, reserved 1144832K
  class space    used 10853K, capacity 13820K, committed 13824K, reserved 1048576K
Event: 14.593 GC heap after
Heap after GC invocations=41 (full 4):
 PSYoungGen      total 146432K, used 7359K [0x00000000f5580000, 0x00000000fff00000, 0x0000000100000000)
  eden space 118784K, 0% used [0x00000000f5580000,0x00000000f5580000,0x00000000fc980000)
  from space 27648K, 26% used [0x00000000fc980000,0x00000000fd0afea0,0x00000000fe480000)
  to   space 27136K, 0% used [0x00000000fe480000,0x00000000fe480000,0x00000000fff00000)
 ParOldGen       total 332288K, used 175390K [0x00000000e0000000, 0x00000000f4480000, 0x00000000f5580000)
  object space 332288K, 52% used [0x00000000e0000000,0x00000000eab47968,0x00000000f4480000)
 Metaspace       used 96983K, capacity 109067K, committed 109312K, reserved 1144832K
  class space    used 10853K, capacity 13820K, committed 13824K, reserved 1048576K
}
Event: 15.265 GC heap before
{Heap before GC invocations=42 (full 4):
 PSYoungGen      total 146432K, used 126143K [0x00000000f5580000, 0x00000000fff00000, 0x0000000100000000)
  eden space 118784K, 100% used [0x00000000f5580000,0x00000000fc980000,0x00000000fc980000)
  from space 27648K, 26% used [0x00000000fc980000,0x00000000fd0afea0,0x00000000fe480000)
  to   space 27136K, 0% used [0x00000000fe480000,0x00000000fe480000,0x00000000fff00000)
 ParOldGen       total 332288K, used 175390K [0x00000000e0000000, 0x00000000f4480000, 0x00000000f5580000)
  object space 332288K, 52% used [0x00000000e0000000,0x00000000eab47968,0x00000000f4480000)
 Metaspace       used 99719K, capacity 111903K, committed 112256K, reserved 1146880K
  class space    used 11109K, capacity 14121K, committed 14208K, reserved 1048576K
Event: 15.273 GC heap after
Heap after GC invocations=42 (full 4):
 PSYoungGen      total 146432K, used 8628K [0x00000000f5580000, 0x00000000ffe80000, 0x0000000100000000)
  eden space 119808K, 0% used [0x00000000f5580000,0x00000000f5580000,0x00000000fca80000)
  from space 26624K, 32% used [0x00000000fe480000,0x00000000feced1c8,0x00000000ffe80000)
  to   space 26624K, 0% used [0x00000000fca80000,0x00000000fca80000,0x00000000fe480000)
 ParOldGen       total 332288K, used 177462K [0x00000000e0000000, 0x00000000f4480000, 0x00000000f5580000)
  object space 332288K, 53% used [0x00000000e0000000,0x00000000ead4d968,0x00000000f4480000)
 Metaspace       used 99719K, capacity 111903K, committed 112256K, reserved 1146880K
  class space    used 11109K, capacity 14121K, committed 14208K, reserved 1048576K
}
Event: 15.708 GC heap before
{Heap before GC invocations=43 (full 4):
 PSYoungGen      total 146432K, used 128436K [0x00000000f5580000, 0x00000000ffe80000, 0x0000000100000000)
  eden space 119808K, 100% used [0x00000000f5580000,0x00000000fca80000,0x00000000fca80000)
  from space 26624K, 32% used [0x00000000fe480000,0x00000000feced1c8,0x00000000ffe80000)
  to   space 26624K, 0% used [0x00000000fca80000,0x00000000fca80000,0x00000000fe480000)
 ParOldGen       total 332288K, used 177462K [0x00000000e0000000, 0x00000000f4480000, 0x00000000f5580000)
  object space 332288K, 53% used [0x00000000e0000000,0x00000000ead4d968,0x00000000f4480000)
 Metaspace       used 101935K, capacity 114198K, committed 114432K, reserved 1148928K
  class space    used 11314K, capacity 14329K, committed 14336K, reserved 1048576K
Event: 15.715 GC heap after
Heap after GC invocations=43 (full 4):
 PSYoungGen      total 146432K, used 10000K [0x00000000f5580000, 0x00000000ffe00000, 0x0000000100000000)
  eden space 119808K, 0% used [0x00000000f5580000,0x00000000f5580000,0x00000000fca80000)
  from space 26624K, 37% used [0x00000000fca80000,0x00000000fd4440d8,0x00000000fe480000)
  to   space 25600K, 0% used [0x00000000fe500000,0x00000000fe500000,0x00000000ffe00000)
 ParOldGen       total 332288K, used 177542K [0x00000000e0000000, 0x00000000f4480000, 0x00000000f5580000)
  object space 332288K, 53% used [0x00000000e0000000,0x00000000ead61968,0x00000000f4480000)
 Metaspace       used 101935K, capacity 114198K, committed 114432K, reserved 1148928K
  class space    used 11314K, capacity 14329K, committed 14336K, reserved 1048576K
}
Event: 16.101 GC heap before
{Heap before GC invocations=44 (full 4):
 PSYoungGen      total 146432K, used 129808K [0x00000000f5580000, 0x00000000ffe00000, 0x0000000100000000)
  eden space 119808K, 100% used [0x00000000f5580000,0x00000000fca80000,0x00000000fca80000)
  from space 26624K, 37% used [0x00000000fca80000,0x00000000fd4440d8,0x00000000fe480000)
  to   space 25600K, 0% used [0x00000000fe500000,0x00000000fe500000,0x00000000ffe00000)
 ParOldGen       total 332288K, used 177542K [0x00000000e0000000, 0x00000000f4480000, 0x00000000f5580000)
  object space 332288K, 53% used [0x00000000e0000000,0x00000000ead61968,0x00000000f4480000)
 Metaspace       used 104044K, capacity 116594K, committed 116864K, reserved 1150976K
  class space    used 11597K, capacity 14652K, committed 14720K, reserved 1048576K
Event: 16.109 GC heap after
Heap after GC invocations=44 (full 4):
 PSYoungGen      total 145920K, used 11970K [0x00000000f5580000, 0x00000000ffc00000, 0x0000000100000000)
  eden space 122368K, 0% used [0x00000000f5580000,0x00000000f5580000,0x00000000fcd00000)
  from space 23552K, 50% used [0x00000000fe500000,0x00000000ff0b0aa0,0x00000000ffc00000)
  to   space 24064K, 0% used [0x00000000fcd00000,0x00000000fcd00000,0x00000000fe480000)
 ParOldGen       total 332288K, used 177622K [0x00000000e0000000, 0x00000000f4480000, 0x00000000f5580000)
  object space 332288K, 53% used [0x00000000e0000000,0x00000000ead75968,0x00000000f4480000)
 Metaspace       used 104044K, capacity 116594K, committed 116864K, reserved 1150976K
  class space    used 11597K, capacity 14652K, committed 14720K, reserved 1048576K
}
Event: 16.435 GC heap before
{Heap before GC invocations=45 (full 4):
 PSYoungGen      total 145920K, used 134338K [0x00000000f5580000, 0x00000000ffc00000, 0x0000000100000000)
  eden space 122368K, 100% used [0x00000000f5580000,0x00000000fcd00000,0x00000000fcd00000)
  from space 23552K, 50% used [0x00000000fe500000,0x00000000ff0b0aa0,0x00000000ffc00000)
  to   space 24064K, 0% used [0x00000000fcd00000,0x00000000fcd00000,0x00000000fe480000)
 ParOldGen       total 332288K, used 177622K [0x00000000e0000000, 0x00000000f4480000, 0x00000000f5580000)
  object space 332288K, 53% used [0x00000000e0000000,0x00000000ead75968,0x00000000f4480000)
 Metaspace       used 105164K, capacity 117832K, committed 118016K, reserved 1153024K
  class space    used 11690K, capacity 14771K, committed 14848K, reserved 1048576K
Event: 16.443 GC heap after
Heap after GC invocations=45 (full 4):
 PSYoungGen      total 146432K, used 12476K [0x00000000f5580000, 0x00000000ffe80000, 0x0000000100000000)
  eden space 122368K, 0% used [0x00000000f5580000,0x00000000f5580000,0x00000000fcd00000)
  from space 24064K, 51% used [0x00000000fcd00000,0x00000000fd92f310,0x00000000fe480000)
  to   space 23040K, 0% used [0x00000000fe800000,0x00000000fe800000,0x00000000ffe80000)
 ParOldGen       total 332288K, used 177622K [0x00000000e0000000, 0x00000000f4480000, 0x00000000f5580000)
  object space 332288K, 53% used [0x00000000e0000000,0x00000000ead75968,0x00000000f4480000)
 Metaspace       used 105164K, capacity 117832K, committed 118016K, reserved 1153024K
  class space    used 11690K, capacity 14771K, committed 14848K, reserved 1048576K
}

