# JRE version: Java(TM) SE Runtime Environment (8.0_131-b11) (build 1.8.0_131-b11)
# Java VM: Java HotSpot(TM) 64-Bit Server VM (25.131-b11 mixed mode windows-amd64 compressed oops)
Heap:
 PSYoungGen      total 150528K, used 76390K [0x00000000f5580000, 0x00000000fff00000, 0x0000000100000000)
  eden space 127488K, 47% used [0x00000000f5580000,0x00000000f91099e0,0x00000000fd200000)
  from space 23040K, 66% used [0x00000000fe880000,0x00000000ff790000,0x00000000fff00000)
  to   space 23040K, 0% used [0x00000000fd200000,0x00000000fd200000,0x00000000fe880000)
 ParOldGen       total 321024K, used 148840K [0x00000000e0000000, 0x00000000f3980000, 0x00000000f5580000)
  object space 321024K, 46% used [0x00000000e0000000,0x00000000e915a158,0x00000000f3980000)
 Metaspace       used 106602K, capacity 119768K, committed 119936K, reserved 1155072K
  class space    used 11937K, capacity 15174K, committed 15232K, reserved 1048576K
GC Heap History (10 events):
Event: 15.531 GC heap before
{Heap before GC invocations=42 (full 4):
 PSYoungGen      total 146432K, used 126981K [0x00000000f5580000, 0x0000000100000000, 0x0000000100000000)
  eden space 119296K, 100% used [0x00000000f5580000,0x00000000fca00000,0x00000000fca00000)
  from space 27136K, 28% used [0x00000000fca00000,0x00000000fd181448,0x00000000fe480000)
  to   space 27136K, 0% used [0x00000000fe580000,0x00000000fe580000,0x0000000100000000)
 ParOldGen       total 321024K, used 146696K [0x00000000e0000000, 0x00000000f3980000, 0x00000000f5580000)
  object space 321024K, 45% used [0x00000000e0000000,0x00000000e8f42158,0x00000000f3980000)
 Metaspace       used 99860K, capacity 111997K, committed 112256K, reserved 1146880K
  class space    used 11130K, capacity 14130K, committed 14208K, reserved 1048576K
Event: 15.541 GC heap after
Heap after GC invocations=42 (full 4):
 PSYoungGen      total 145408K, used 14919K [0x00000000f5580000, 0x00000000ffe00000, 0x0000000100000000)
  eden space 120320K, 0% used [0x00000000f5580000,0x00000000f5580000,0x00000000fcb00000)
  from space 25088K, 59% used [0x00000000fe580000,0x00000000ff411d50,0x00000000ffe00000)
  to   space 26112K, 0% used [0x00000000fcb00000,0x00000000fcb00000,0x00000000fe480000)
 ParOldGen       total 321024K, used 148640K [0x00000000e0000000, 0x00000000f3980000, 0x00000000f5580000)
  object space 321024K, 46% used [0x00000000e0000000,0x00000000e9128158,0x00000000f3980000)
 Metaspace       used 99860K, capacity 111997K, committed 112256K, reserved 1146880K
  class space    used 11130K, capacity 14130K, committed 14208K, reserved 1048576K
}
Event: 16.034 GC heap before
{Heap before GC invocations=43 (full 4):
 PSYoungGen      total 145408K, used 135239K [0x00000000f5580000, 0x00000000ffe00000, 0x0000000100000000)
  eden space 120320K, 100% used [0x00000000f5580000,0x00000000fcb00000,0x00000000fcb00000)
  from space 25088K, 59% used [0x00000000fe580000,0x00000000ff411d50,0x00000000ffe00000)
  to   space 26112K, 0% used [0x00000000fcb00000,0x00000000fcb00000,0x00000000fe480000)
 ParOldGen       total 321024K, used 148640K [0x00000000e0000000, 0x00000000f3980000, 0x00000000f5580000)
  object space 321024K, 46% used [0x00000000e0000000,0x00000000e9128158,0x00000000f3980000)
 Metaspace       used 102764K, capacity 115104K, committed 115456K, reserved 1150976K
  class space    used 11434K, capacity 14488K, committed 14592K, reserved 1048576K
Event: 16.043 GC heap after
Heap after GC invocations=43 (full 4):
 PSYoungGen      total 146432K, used 11536K [0x00000000f5580000, 0x00000000fff00000, 0x0000000100000000)
  eden space 120320K, 0% used [0x00000000f5580000,0x00000000f5580000,0x00000000fcb00000)
  from space 26112K, 44% used [0x00000000fcb00000,0x00000000fd644120,0x00000000fe480000)
  to   space 25088K, 0% used [0x00000000fe680000,0x00000000fe680000,0x00000000fff00000)
 ParOldGen       total 321024K, used 148712K [0x00000000e0000000, 0x00000000f3980000, 0x00000000f5580000)
  object space 321024K, 46% used [0x00000000e0000000,0x00000000e913a158,0x00000000f3980000)
 Metaspace       used 102764K, capacity 115104K, committed 115456K, reserved 1150976K
  class space    used 11434K, capacity 14488K, committed 14592K, reserved 1048576K
}
Event: 16.324 GC heap before
{Heap before GC invocations=44 (full 4):
 PSYoungGen      total 146432K, used 131856K [0x00000000f5580000, 0x00000000fff00000, 0x0000000100000000)
  eden space 120320K, 100% used [0x00000000f5580000,0x00000000fcb00000,0x00000000fcb00000)
  from space 26112K, 44% used [0x00000000fcb00000,0x00000000fd644120,0x00000000fe480000)
  to   space 25088K, 0% used [0x00000000fe680000,0x00000000fe680000,0x00000000fff00000)
 ParOldGen       total 321024K, used 148712K [0x00000000e0000000, 0x00000000f3980000, 0x00000000f5580000)
  object space 321024K, 46% used [0x00000000e0000000,0x00000000e913a158,0x00000000f3980000)
 Metaspace       used 104446K, capacity 116912K, committed 117120K, reserved 1150976K
  class space    used 11613K, capacity 14685K, committed 14720K, reserved 1048576K
Event: 16.332 GC heap after
Heap after GC invocations=44 (full 4):
 PSYoungGen      total 146432K, used 11839K [0x00000000f5580000, 0x00000000ffd00000, 0x0000000100000000)
  eden space 123392K, 0% used [0x00000000f5580000,0x00000000f5580000,0x00000000fce00000)
  from space 23040K, 51% used [0x00000000fe680000,0x00000000ff20fc80,0x00000000ffd00000)
  to   space 24064K, 0% used [0x00000000fce00000,0x00000000fce00000,0x00000000fe580000)
 ParOldGen       total 321024K, used 148784K [0x00000000e0000000, 0x00000000f3980000, 0x00000000f5580000)
  object space 321024K, 46% used [0x00000000e0000000,0x00000000e914c158,0x00000000f3980000)
 Metaspace       used 104446K, capacity 116912K, committed 117120K, reserved 1150976K
  class space    used 11613K, capacity 14685K, committed 14720K, reserved 1048576K
}
Event: 16.705 GC heap before
{Heap before GC invocations=45 (full 4):
 PSYoungGen      total 146432K, used 135231K [0x00000000f5580000, 0x00000000ffd00000, 0x0000000100000000)
  eden space 123392K, 100% used [0x00000000f5580000,0x00000000fce00000,0x00000000fce00000)
  from space 23040K, 51% used [0x00000000fe680000,0x00000000ff20fc80,0x00000000ffd00000)
  to   space 24064K, 0% used [0x00000000fce00000,0x00000000fce00000,0x00000000fe580000)
 ParOldGen       total 321024K, used 148784K [0x00000000e0000000, 0x00000000f3980000, 0x00000000f5580000)
  object space 321024K, 46% used [0x00000000e0000000,0x00000000e914c158,0x00000000f3980000)
 Metaspace       used 105248K, capacity 117886K, committed 118016K, reserved 1153024K
  class space    used 11712K, capacity 14800K, committed 14848K, reserved 1048576K
Event: 16.713 GC heap after
Heap after GC invocations=45 (full 4):
 PSYoungGen      total 147456K, used 12441K [0x00000000f5580000, 0x00000000fff00000, 0x0000000100000000)
  eden space 123392K, 0% used [0x00000000f5580000,0x00000000f5580000,0x00000000fce00000)
  from space 24064K, 51% used [0x00000000fce00000,0x00000000fda26448,0x00000000fe580000)
  to   space 23040K, 0% used [0x00000000fe880000,0x00000000fe880000,0x00000000fff00000)
 ParOldGen       total 321024K, used 148824K [0x00000000e0000000, 0x00000000f3980000, 0x00000000f5580000)
  object space 321024K, 46% used [0x00000000e0000000,0x00000000e9156158,0x00000000f3980000)
 Metaspace       used 105248K, capacity 117886K, committed 118016K, reserved 1153024K
  class space    used 11712K, capacity 14800K, committed 14848K, reserved 1048576K
}
Event: 17.282 GC heap before
{Heap before GC invocations=46 (full 4):
 PSYoungGen      total 147456K, used 135833K [0x00000000f5580000, 0x00000000fff00000, 0x0000000100000000)
  eden space 123392K, 100% used [0x00000000f5580000,0x00000000fce00000,0x00000000fce00000)
  from space 24064K, 51% used [0x00000000fce00000,0x00000000fda26448,0x00000000fe580000)
  to   space 23040K, 0% used [0x00000000fe880000,0x00000000fe880000,0x00000000fff00000)
 ParOldGen       total 321024K, used 148824K [0x00000000e0000000, 0x00000000f3980000, 0x00000000f5580000)
  object space 321024K, 46% used [0x00000000e0000000,0x00000000e9156158,0x00000000f3980000)
 Metaspace       used 106571K, capacity 119738K, committed 119936K, reserved 1155072K
  class space    used 11936K, capacity 15173K, committed 15232K, reserved 1048576K
Event: 17.294 GC heap after
Heap after GC invocations=46 (full 4):
 PSYoungGen      total 150528K, used 15424K [0x00000000f5580000, 0x00000000fff00000, 0x0000000100000000)
  eden space 127488K, 0% used [0x00000000f5580000,0x00000000f5580000,0x00000000fd200000)
  from space 23040K, 66% used [0x00000000fe880000,0x00000000ff790000,0x00000000fff00000)
  to   space 23040K, 0% used [0x00000000fd200000,0x00000000fd200000,0x00000000fe880000)
 ParOldGen       total 321024K, used 148840K [0x00000000e0000000, 0x00000000f3980000, 0x00000000f5580000)
  object space 321024K, 46% used [0x00000000e0000000,0x00000000e915a158,0x00000000f3980000)
 Metaspace       used 106571K, capacity 119738K, committed 119936K, reserved 1155072K
  class space    used 11936K, capacity 15173K, committed 15232K, reserved 1048576K
}

